<?xml version="1.0" encoding="UTF-8"?>
<!-- Generated by org.testng.reporters.JUnitXMLReporter -->
<testsuite ignored="6" hostname="DESKTOP-5TN5CVM" failures="0" tests="1" name="Default test" time="3.456" errors="0" timestamp="2025-04-30T14:15:42 EET">
  <testcase classname="TheInternetHerokuappAutomationLab.TheInternetHerokuappAutomationLab.AppTest" name="DragAndDropTest" time="1.458"/>
  <testcase classname="TheInternetHerokuappAutomationLab.TheInternetHerokuappAutomationLab.AppTest" name="BrokenImgTest" time="0.0">
    <ignored/>
  </testcase> <!-- BrokenImgTest -->
  <testcase classname="TheInternetHerokuappAutomationLab.TheInternetHerokuappAutomationLab.AppTest" name="CheckBoxTest" time="0.0">
    <ignored/>
  </testcase> <!-- CheckBoxTest -->
  <testcase classname="TheInternetHerokuappAutomationLab.TheInternetHerokuappAutomationLab.AppTest" name="DisappearingElementsTest" time="0.0">
    <ignored/>
  </testcase> <!-- DisappearingElementsTest -->
  <testcase classname="TheInternetHerokuappAutomationLab.TheInternetHerokuappAutomationLab.AppTest" name="ContextMenuTest" time="0.0">
    <ignored/>
  </testcase> <!-- ContextMenuTest -->
  <testcase classname="TheInternetHerokuappAutomationLab.TheInternetHerokuappAutomationLab.AppTest" name="BasicAuth" time="0.0">
    <ignored/>
  </testcase> <!-- BasicAuth -->
  <testcase classname="TheInternetHerokuappAutomationLab.TheInternetHerokuappAutomationLab.AppTest" name="AddRemoveTest" time="0.0">
    <ignored/>
  </testcase> <!-- AddRemoveTest -->
</testsuite> <!-- Default test -->
