<?xml version="1.0" encoding="UTF-8"?>
<!-- Generated by org.testng.reporters.JUnitReportReporter -->
<testsuite hostname="DESKTOP-5TN5CVM" failures="0" tests="1" name="TheInternetHerokuappAutomationLab.TheInternetHerokuappAutomationLab.AppTest" time="1.458" errors="0" timestamp="2025-04-30T14:15:42 EET" skipped="0">
  <testcase classname="TheInternetHerokuappAutomationLab.TheInternetHerokuappAutomationLab.AppTest" name="DragAndDropTest" time="1.458"/>
</testsuite> <!-- TheInternetHerokuappAutomationLab.TheInternetHerokuappAutomationLab.AppTest -->
